2026-05-21 22:59:26,579 INFO gateway.platforms.discord: [Discord] Flushing text batch agent:main:discord:thread:1499796593535221961:1499796593535221961 (10 chars)
2026-05-21 22:59:27,995 INFO gateway.run: inbound message: platform=discord user=Bigchao chat=1499796593535221961 msg='目前项目主目录是哪个'
2026-05-21 22:59:35,299 INFO gateway.run: response ready: platform=discord chat=1499796593535221961 time=7.3s api_calls=2 response=93 chars
2026-05-21 22:59:35,305 INFO gateway.platforms.base: [Discord] Sending response (93 chars) to 1499796593535221961
2026-05-21 23:00:17,669 INFO gateway.platforms.discord: [Discord] Flushing text batch agent:main:discord:thread:1499796593535221961:1499796593535221961 (17 chars)
2026-05-21 23:00:18,439 INFO gateway.run: inbound message: platform=discord user=Bigchao chat=1499796593535221961 msg='当前这个thread在哪个目录下？'
2026-05-21 23:00:55,363 INFO gateway.run: response ready: platform=discord chat=1499796593535221961 time=36.9s api_calls=6 response=142 chars
2026-05-21 23:00:55,367 INFO gateway.platforms.base: [Discord] Sending response (142 chars) to 1499796593535221961
2026-05-21 23:01:15,395 INFO gateway.platforms.discord: [Discord] Flushing text batch agent:main:discord:thread:1499796593535221961:1499796593535221961 (13 chars)
2026-05-21 23:01:16,151 INFO gateway.run: inbound message: platform=discord user=Bigchao chat=1499796593535221961 msg='肯定不是lauchpad啊'
2026-05-21 23:01:56,137 INFO gateway.run: response ready: platform=discord chat=1499796593535221961 time=40.0s api_calls=7 response=407 chars
2026-05-21 23:01:56,139 INFO gateway.platforms.base: [Discord] Sending response (407 chars) to 1499796593535221961
2026-05-22 00:04:15,224 INFO gateway.run: Agent cache idle-TTL evict: session=agent:main:discord:thread:1499796593535221961:1499796593535221961 (idle=3739s)
2026-05-24 22:14:38,311 INFO gateway.platforms.discord: [Discord] Flushing text batch agent:main:discord:thread:1499796593535221961:1499796593535221961 (54 chars)
2026-05-24 22:14:39,114 INFO gateway.run: inbound message: platform=discord user=Bigchao chat=1499796593535221961 msg='似乎这一个所有的 thread 没有一个对应的本地的库 前期沟通的这些东西没有落盘吗？落在哪了呢？如果有的话'
2026-05-24 22:20:27,945 INFO gateway.run: response ready: platform=discord chat=1499796593535221961 time=348.8s api_calls=8 response=793 chars
2026-05-24 22:20:27,953 INFO gateway.platforms.base: [Discord] Sending response (793 chars) to 1499796593535221961
2026-05-24 22:38:45,975 INFO gateway.platforms.discord: [Discord] Flushing text batch agent:main:discord:thread:1499796593535221961:1499796593535221961 (66 chars)
2026-05-24 22:38:46,963 INFO gateway.run: inbound message: platform=discord user=Bigchao chat=1499796593535221961 msg='现在有这个如下的路径吗？/Users/chao/projects/communication-governance-playbook'
2026-05-24 22:38:56,824 INFO gateway.run: response ready: platform=discord chat=1499796593535221961 time=9.9s api_calls=2 response=84 chars
2026-05-24 22:38:56,831 INFO gateway.platforms.base: [Discord] Sending response (84 chars) to 1499796593535221961
2026-05-24 22:39:24,803 INFO gateway.platforms.discord: [Discord] Flushing text batch agent:main:discord:thread:1499796593535221961:1499796593535221961 (44 chars)
2026-05-24 22:39:25,684 INFO gateway.run: inbound message: platform=discord user=Bigchao chat=1499796593535221961 msg='好的，这个很重要。建立并创建它，然后把当前 Discourse thread 绑定过去。'
2026-05-24 22:40:00,243 INFO gateway.run: response ready: platform=discord chat=1499796593535221961 time=34.6s api_calls=5 response=521 chars
2026-05-24 22:40:00,245 INFO gateway.platforms.base: [Discord] Sending response (521 chars) to 1499796593535221961
2026-05-24 22:42:03,885 INFO gateway.run: inbound message: platform=discord user=Bigchao chat=1499796593535221961 msg='之前聊天的内容可以固化一下吗？应该有不少东西，比如 Boundary Confirmation V1 什么的，这些之前有没有存过 MD 文件啊？现在有很多，感觉'
2026-05-24 22:52:21,621 INFO gateway.run: response ready: platform=discord chat=1499796593535221961 time=617.7s api_calls=12 response=1090 chars
2026-05-24 22:52:21,624 INFO gateway.platforms.base: [Discord] Sending response (1090 chars) to 1499796593535221961
2026-05-24 23:12:28,105 INFO gateway.platforms.discord: [Discord] Flushing text batch agent:main:discord:thread:1499796593535221961:1499796593535221961 (96 chars)
2026-05-24 23:12:29,028 INFO gateway.run: inbound message: platform=discord user=Bigchao chat=1499796593535221961 msg='所以先看一下之前你跟我聊的这个 thread 里边所有的聊天记录，这个本地有存吗？如果没有的话，你可以调取这个聊天记录里边所有涉及的文件和框架，在当前的文件夹里'
